<?xml version="1.0" encoding="utf-8"?>
<test-run id="2" name="EvenCart.Services.Tests.dll" fullname="F:/SourceRepositories/RoastedMarketplace/src/Tests/EvenCart.Tests.Runner/bin/Debug/netcoreapp3.1/EvenCart.Services.Tests.dll" testcasecount="70" result="Failed" start-time="2021-06-17 18:11:14Z" end-time="2021-06-17 18:11:31Z" duration="16.800031" total="70" passed="66" failed="4" inconclusive="0" skipped="0" asserts="356" random-seed="2101863785">
  <command-line><![CDATA[F:\SourceRepositories\RoastedMarketplace\src\Tests\EvenCart.Tests.Runner\bin\Debug\netcoreapp3.1\EvenCart.Tests.Runner.dll]]></command-line>
  <filter />
  <test-suite type="Assembly" id="1100" name="EvenCart.Services.Tests.dll" fullname="F:/SourceRepositories/RoastedMarketplace/src/Tests/EvenCart.Tests.Runner/bin/Debug/netcoreapp3.1/EvenCart.Services.Tests.dll" runstate="Runnable" testcasecount="70" result="Failed" site="Child" start-time="2021-06-17 18:11:14Z" end-time="2021-06-17 18:11:31Z" duration="16.800031" total="70" passed="66" failed="4" warnings="0" inconclusive="0" skipped="0" asserts="356">
    <environment framework-version="3.12.0.0" clr-version="3.1.13" os-version="Microsoft Windows 10.0.19043" platform="Win32NT" cwd="F:\SourceRepositories\RoastedMarketplace\src\Tests\EvenCart.Tests.Runner" machine-name="AKSHPC" user="apexol" user-domain="AKSHPC" culture="en-IN" uiculture="en-US" os-architecture="x64" />
    <settings>
      <setting name="WorkDirectory" value="F:\SourceRepositories\RoastedMarketplace\src\Tests\EvenCart.Tests.Runner" />
      <setting name="NumberOfTestWorkers" value="8" />
    </settings>
    <properties>
      <property name="_PID" value="7828" />
      <property name="_APPDOMAIN" value="EvenCart.Tests.Runner" />
    </properties>
    <failure>
      <message><![CDATA[One or more child tests had errors]]></message>
    </failure>
    <test-suite type="TestSuite" id="1101" name="EvenCart" fullname="EvenCart" runstate="Runnable" testcasecount="70" result="Failed" site="Child" start-time="2021-06-17 18:11:14Z" end-time="2021-06-17 18:11:31Z" duration="16.792618" total="70" passed="66" failed="4" warnings="0" inconclusive="0" skipped="0" asserts="356">
      <failure>
        <message><![CDATA[One or more child tests had errors]]></message>
      </failure>
      <test-suite type="TestSuite" id="1102" name="Services" fullname="EvenCart.Services" runstate="Runnable" testcasecount="70" result="Failed" site="Child" start-time="2021-06-17 18:11:14Z" end-time="2021-06-17 18:11:31Z" duration="16.792114" total="70" passed="66" failed="4" warnings="0" inconclusive="0" skipped="0" asserts="356">
        <failure>
          <message><![CDATA[One or more child tests had errors]]></message>
        </failure>
        <test-suite type="TestSuite" id="1103" name="Tests" fullname="EvenCart.Services.Tests" runstate="Runnable" testcasecount="70" result="Failed" site="Child" start-time="2021-06-17 18:11:14Z" end-time="2021-06-17 18:11:31Z" duration="16.792093" total="70" passed="66" failed="4" warnings="0" inconclusive="0" skipped="0" asserts="356">
          <failure>
            <message><![CDATA[One or more child tests had errors]]></message>
          </failure>
          <test-suite type="TestSuite" id="1104" name="Formatters" fullname="EvenCart.Services.Tests.Formatters" runstate="Runnable" testcasecount="1" result="Passed" start-time="2021-06-17 18:11:14Z" end-time="2021-06-17 18:11:14Z" duration="0.031298" total="1" passed="1" failed="0" warnings="0" inconclusive="0" skipped="0" asserts="38">
            <test-suite type="TestFixture" id="1000" name="RoundingServiceTests" fullname="EvenCart.Services.Tests.Formatters.RoundingServiceTests" classname="EvenCart.Services.Tests.Formatters.RoundingServiceTests" runstate="Runnable" testcasecount="1" result="Passed" start-time="2021-06-17 18:11:14Z" end-time="2021-06-17 18:11:14Z" duration="0.028132" total="1" passed="1" failed="0" warnings="0" inconclusive="0" skipped="0" asserts="38">
              <test-case id="1001" name="Rounding_Tests_Succeeded" fullname="EvenCart.Services.Tests.Formatters.RoundingServiceTests.Rounding_Tests_Succeeded" methodname="Rounding_Tests_Succeeded" classname="EvenCart.Services.Tests.Formatters.RoundingServiceTests" runstate="Runnable" seed="2004305242" result="Passed" start-time="2021-06-17 18:11:14Z" end-time="2021-06-17 18:11:14Z" duration="0.019760" asserts="38" />
            </test-suite>
          </test-suite>
          <test-suite type="SetUpFixture" id="1062" name="MySql" fullname="EvenCart.Services.Tests.MySql.MySqlFixture" classname="EvenCart.Services.Tests.MySql.MySqlFixture" runstate="Runnable" testcasecount="34" result="Failed" site="Child" start-time="2021-06-17 18:11:14Z" end-time="2021-06-17 18:11:27Z" duration="13.368858" total="34" passed="32" failed="2" warnings="0" inconclusive="0" skipped="0" asserts="160">
            <failure>
              <message><![CDATA[One or more child tests had errors]]></message>
            </failure>
            <test-suite type="TestFixture" id="1052" name="MySqlCartServiceTests" fullname="EvenCart.Services.Tests.MySql.MySqlCartServiceTests" classname="EvenCart.Services.Tests.MySql.MySqlCartServiceTests" runstate="Runnable" testcasecount="2" result="Passed" start-time="2021-06-17 18:11:23Z" end-time="2021-06-17 18:11:23Z" duration="0.149128" total="2" passed="2" failed="0" warnings="0" inconclusive="0" skipped="0" asserts="5">
              <test-case id="1054" name="Cart_Item_Addition_And_Removal_Succeeds" fullname="EvenCart.Services.Tests.MySql.MySqlCartServiceTests.Cart_Item_Addition_And_Removal_Succeeds" methodname="Cart_Item_Addition_And_Removal_Succeeds" classname="EvenCart.Services.Tests.Purchases.CartServiceTests" runstate="Runnable" seed="424621518" result="Passed" start-time="2021-06-17 18:11:23Z" end-time="2021-06-17 18:11:23Z" duration="0.132473" asserts="3" />
              <test-case id="1053" name="New_Cart_Creation_Succeeds" fullname="EvenCart.Services.Tests.MySql.MySqlCartServiceTests.New_Cart_Creation_Succeeds" methodname="New_Cart_Creation_Succeeds" classname="EvenCart.Services.Tests.Purchases.CartServiceTests" runstate="Runnable" seed="1756108435" result="Passed" start-time="2021-06-17 18:11:23Z" end-time="2021-06-17 18:11:23Z" duration="0.016228" asserts="2" />
            </test-suite>
            <test-suite type="TestFixture" id="1055" name="MySqlCategoryServiceTests" fullname="EvenCart.Services.Tests.MySql.MySqlCategoryServiceTests" classname="EvenCart.Services.Tests.MySql.MySqlCategoryServiceTests" runstate="Runnable" testcasecount="1" result="Passed" start-time="2021-06-17 18:11:23Z" end-time="2021-06-17 18:11:23Z" duration="0.018728" total="1" passed="1" failed="0" warnings="0" inconclusive="0" skipped="0" asserts="4">
              <test-case id="1056" name="Category_Tests_Succeed" fullname="EvenCart.Services.Tests.MySql.MySqlCategoryServiceTests.Category_Tests_Succeed" methodname="Category_Tests_Succeed" classname="EvenCart.Services.Tests.Products.CategoryServiceTests" runstate="Runnable" seed="1725909656" result="Passed" start-time="2021-06-17 18:11:23Z" end-time="2021-06-17 18:11:23Z" duration="0.018477" asserts="4" />
            </test-suite>
            <test-suite type="TestFixture" id="1057" name="MySqlDataTransferTests" fullname="EvenCart.Services.Tests.MySql.MySqlDataTransferTests" classname="EvenCart.Services.Tests.MySql.MySqlDataTransferTests" runstate="Runnable" testcasecount="2" result="Passed" start-time="2021-06-17 18:11:23Z" end-time="2021-06-17 18:11:24Z" duration="1.151122" total="2" passed="2" failed="0" warnings="0" inconclusive="0" skipped="0" asserts="12">
              <test-case id="1058" name="ExcelProvider_Works" fullname="EvenCart.Services.Tests.MySql.MySqlDataTransferTests.ExcelProvider_Works" methodname="ExcelProvider_Works" classname="EvenCart.Services.Tests.DataTransfer.DataTransferTests" runstate="Runnable" seed="311932175" result="Passed" start-time="2021-06-17 18:11:23Z" end-time="2021-06-17 18:11:24Z" duration="0.778457" asserts="6" />
              <test-case id="1059" name="JsonProvider_Works" fullname="EvenCart.Services.Tests.MySql.MySqlDataTransferTests.JsonProvider_Works" methodname="JsonProvider_Works" classname="EvenCart.Services.Tests.DataTransfer.DataTransferTests" runstate="Runnable" seed="604012010" result="Passed" start-time="2021-06-17 18:11:24Z" end-time="2021-06-17 18:11:24Z" duration="0.372359" asserts="6" />
            </test-suite>
            <test-suite type="TestFixture" id="1060" name="MySqlDiscountServiceTests" fullname="EvenCart.Services.Tests.MySql.MySqlDiscountServiceTests" classname="EvenCart.Services.Tests.MySql.MySqlDiscountServiceTests" runstate="Runnable" testcasecount="1" result="Passed" start-time="2021-06-17 18:11:24Z" end-time="2021-06-17 18:11:24Z" duration="0.021361" total="1" passed="1" failed="0" warnings="0" inconclusive="0" skipped="0" asserts="5">
              <test-case id="1061" name="Discount_Coupon_Persistance_Succeeds" fullname="EvenCart.Services.Tests.MySql.MySqlDiscountServiceTests.Discount_Coupon_Persistance_Succeeds" methodname="Discount_Coupon_Persistance_Succeeds" classname="EvenCart.Services.Tests.Promotions.DiscountServiceTests" runstate="Runnable" seed="1116588565" result="Passed" start-time="2021-06-17 18:11:24Z" end-time="2021-06-17 18:11:24Z" duration="0.021079" asserts="5" />
            </test-suite>
            <test-suite type="TestFixture" id="1063" name="MySqlGdprServiceTests" fullname="EvenCart.Services.Tests.MySql.MySqlGdprServiceTests" classname="EvenCart.Services.Tests.MySql.MySqlGdprServiceTests" runstate="Runnable" testcasecount="1" result="Passed" start-time="2021-06-17 18:11:24Z" end-time="2021-06-17 18:11:24Z" duration="0.056160" total="1" passed="1" failed="0" warnings="0" inconclusive="0" skipped="0" asserts="7">
              <test-case id="1064" name="User_Consents_Tests_Succeeds" fullname="EvenCart.Services.Tests.MySql.MySqlGdprServiceTests.User_Consents_Tests_Succeeds" methodname="User_Consents_Tests_Succeeds" classname="EvenCart.Services.Tests.Gdpr.GdprServiceTests" runstate="Runnable" seed="1590554138" result="Passed" start-time="2021-06-17 18:11:24Z" end-time="2021-06-17 18:11:24Z" duration="0.055840" asserts="7" />
            </test-suite>
            <test-suite type="TestFixture" id="1065" name="MySqlOrderAccountantTests" fullname="EvenCart.Services.Tests.MySql.MySqlOrderAccountantTests" classname="EvenCart.Services.Tests.MySql.MySqlOrderAccountantTests" runstate="Runnable" testcasecount="1" result="Passed" start-time="2021-06-17 18:11:24Z" end-time="2021-06-17 18:11:24Z" duration="0.095946" total="1" passed="1" failed="0" warnings="0" inconclusive="0" skipped="0" asserts="16">
              <test-case id="1066" name="Auto_Order_Fulfillments_Tests_Succeeds" fullname="EvenCart.Services.Tests.MySql.MySqlOrderAccountantTests.Auto_Order_Fulfillments_Tests_Succeeds" methodname="Auto_Order_Fulfillments_Tests_Succeeds" classname="EvenCart.Services.Tests.Purchases.OrderAccountantTests" runstate="Runnable" seed="42315777" result="Passed" start-time="2021-06-17 18:11:24Z" end-time="2021-06-17 18:11:24Z" duration="0.023716" asserts="16" />
            </test-suite>
            <test-suite type="TestFixture" id="1067" name="MySqlPriceAccountantTests" fullname="EvenCart.Services.Tests.MySql.MySqlPriceAccountantTests" classname="EvenCart.Services.Tests.MySql.MySqlPriceAccountantTests" runstate="Runnable" testcasecount="18" result="Failed" site="Child" start-time="2021-06-17 18:11:24Z" end-time="2021-06-17 18:11:26Z" duration="1.380392" total="18" passed="16" failed="2" warnings="0" inconclusive="0" skipped="0" asserts="62">
              <failure>
                <message><![CDATA[One or more child tests had errors]]></message>
              </failure>
              <test-case id="1073" name="Auto_Discount_Category_Succeeds" fullname="EvenCart.Services.Tests.MySql.MySqlPriceAccountantTests.Auto_Discount_Category_Succeeds" methodname="Auto_Discount_Category_Succeeds" classname="EvenCart.Services.Tests.Purchases.PriceAccountantTests" runstate="Runnable" seed="2093137098" result="Passed" start-time="2021-06-17 18:11:24Z" end-time="2021-06-17 18:11:24Z" duration="0.078078" asserts="5" />
              <test-case id="1076" name="Auto_Discount_Manufacturer_Succeeds" fullname="EvenCart.Services.Tests.MySql.MySqlPriceAccountantTests.Auto_Discount_Manufacturer_Succeeds" methodname="Auto_Discount_Manufacturer_Succeeds" classname="EvenCart.Services.Tests.Purchases.PriceAccountantTests" runstate="Runnable" seed="1710099853" result="Passed" start-time="2021-06-17 18:11:24Z" end-time="2021-06-17 18:11:24Z" duration="0.047947" asserts="3" />
              <test-case id="1071" name="Auto_Discount_OrderSubtotal_Succeeds" fullname="EvenCart.Services.Tests.MySql.MySqlPriceAccountantTests.Auto_Discount_OrderSubtotal_Succeeds" methodname="Auto_Discount_OrderSubtotal_Succeeds" classname="EvenCart.Services.Tests.Purchases.PriceAccountantTests" runstate="Runnable" seed="1287107786" result="Failed" start-time="2021-06-17 18:11:24Z" end-time="2021-06-17 18:11:24Z" duration="0.074122" asserts="1">
                <failure>
                  <message><![CDATA[  Expected: 10m
  But was:  0m
]]></message>
                  <stack-trace><![CDATA[   at EvenCart.Services.Tests.Purchases.PriceAccountantTests.Auto_Discount_OrderSubtotal_Succeeds() in F:\SourceRepositories\RoastedMarketplace\src\Tests\EvenCart.Services.Tests\Tests\Purchases\PriceAccountantTests.cs:line 225
]]></stack-trace>
                </failure>
                <assertions>
                  <assertion result="Failed">
                    <message><![CDATA[  Expected: 10m
  But was:  0m
]]></message>
                    <stack-trace><![CDATA[   at EvenCart.Services.Tests.Purchases.PriceAccountantTests.Auto_Discount_OrderSubtotal_Succeeds() in F:\SourceRepositories\RoastedMarketplace\src\Tests\EvenCart.Services.Tests\Tests\Purchases\PriceAccountantTests.cs:line 225
]]></stack-trace>
                  </assertion>
                </assertions>
              </test-case>
              <test-case id="1070" name="Auto_Discount_OrderTotal_Succeeds" fullname="EvenCart.Services.Tests.MySql.MySqlPriceAccountantTests.Auto_Discount_OrderTotal_Succeeds" methodname="Auto_Discount_OrderTotal_Succeeds" classname="EvenCart.Services.Tests.Purchases.PriceAccountantTests" runstate="Runnable" seed="1010309893" result="Failed" start-time="2021-06-17 18:11:24Z" end-time="2021-06-17 18:11:24Z" duration="0.030892" asserts="1">
                <failure>
                  <message><![CDATA[  Expected: 10m
  But was:  0m
]]></message>
                  <stack-trace><![CDATA[   at EvenCart.Services.Tests.Purchases.PriceAccountantTests.Auto_Discount_OrderTotal_Succeeds() in F:\SourceRepositories\RoastedMarketplace\src\Tests\EvenCart.Services.Tests\Tests\Purchases\PriceAccountantTests.cs:line 199
]]></stack-trace>
                </failure>
                <assertions>
                  <assertion result="Failed">
                    <message><![CDATA[  Expected: 10m
  But was:  0m
]]></message>
                    <stack-trace><![CDATA[   at EvenCart.Services.Tests.Purchases.PriceAccountantTests.Auto_Discount_OrderTotal_Succeeds() in F:\SourceRepositories\RoastedMarketplace\src\Tests\EvenCart.Services.Tests\Tests\Purchases\PriceAccountantTests.cs:line 199
]]></stack-trace>
                  </assertion>
                </assertions>
              </test-case>
              <test-case id="1072" name="Auto_Discount_Product_Succeeds" fullname="EvenCart.Services.Tests.MySql.MySqlPriceAccountantTests.Auto_Discount_Product_Succeeds" methodname="Auto_Discount_Product_Succeeds" classname="EvenCart.Services.Tests.Purchases.PriceAccountantTests" runstate="Runnable" seed="2041539099" result="Passed" start-time="2021-06-17 18:11:24Z" end-time="2021-06-17 18:11:25Z" duration="0.081334" asserts="7" />
              <test-case id="1074" name="Auto_Discount_Role_Succeeds" fullname="EvenCart.Services.Tests.MySql.MySqlPriceAccountantTests.Auto_Discount_Role_Succeeds" methodname="Auto_Discount_Role_Succeeds" classname="EvenCart.Services.Tests.Purchases.PriceAccountantTests" runstate="Runnable" seed="2054109675" result="Passed" start-time="2021-06-17 18:11:25Z" end-time="2021-06-17 18:11:25Z" duration="0.076299" asserts="4" />
              <test-case id="1075" name="Auto_Discount_User_Succeeds" fullname="EvenCart.Services.Tests.MySql.MySqlPriceAccountantTests.Auto_Discount_User_Succeeds" methodname="Auto_Discount_User_Succeeds" classname="EvenCart.Services.Tests.Purchases.PriceAccountantTests" runstate="Runnable" seed="1097267845" result="Passed" start-time="2021-06-17 18:11:25Z" end-time="2021-06-17 18:11:25Z" duration="0.073944" asserts="4" />
              <test-case id="1077" name="Auto_Discount_Vendor_Succeeds" fullname="EvenCart.Services.Tests.MySql.MySqlPriceAccountantTests.Auto_Discount_Vendor_Succeeds" methodname="Auto_Discount_Vendor_Succeeds" classname="EvenCart.Services.Tests.Purchases.PriceAccountantTests" runstate="Runnable" seed="1236136459" result="Passed" start-time="2021-06-17 18:11:25Z" end-time="2021-06-17 18:11:25Z" duration="0.050299" asserts="3" />
              <test-case id="1069" name="Expired_Discount_Application_Fails" fullname="EvenCart.Services.Tests.MySql.MySqlPriceAccountantTests.Expired_Discount_Application_Fails" methodname="Expired_Discount_Application_Fails" classname="EvenCart.Services.Tests.Purchases.PriceAccountantTests" runstate="Runnable" seed="903680962" result="Passed" start-time="2021-06-17 18:11:25Z" end-time="2021-06-17 18:11:25Z" duration="0.008985" asserts="1" />
              <test-case id="1068" name="Invalid_Discount_Application_Fails" fullname="EvenCart.Services.Tests.MySql.MySqlPriceAccountantTests.Invalid_Discount_Application_Fails" methodname="Invalid_Discount_Application_Fails" classname="EvenCart.Services.Tests.Purchases.PriceAccountantTests" runstate="Runnable" seed="1577077875" result="Passed" start-time="2021-06-17 18:11:25Z" end-time="2021-06-17 18:11:25Z" duration="0.004979" asserts="1" />
              <test-case id="1081" name="Manual_Discount_Categories_Succeeds" fullname="EvenCart.Services.Tests.MySql.MySqlPriceAccountantTests.Manual_Discount_Categories_Succeeds" methodname="Manual_Discount_Categories_Succeeds" classname="EvenCart.Services.Tests.Purchases.PriceAccountantTests" runstate="Runnable" seed="502356083" result="Passed" start-time="2021-06-17 18:11:25Z" end-time="2021-06-17 18:11:25Z" duration="0.064996" asserts="3" />
              <test-case id="1084" name="Manual_Discount_Manufacturer_Succeeds" fullname="EvenCart.Services.Tests.MySql.MySqlPriceAccountantTests.Manual_Discount_Manufacturer_Succeeds" methodname="Manual_Discount_Manufacturer_Succeeds" classname="EvenCart.Services.Tests.Purchases.PriceAccountantTests" runstate="Runnable" seed="280620423" result="Passed" start-time="2021-06-17 18:11:25Z" end-time="2021-06-17 18:11:25Z" duration="0.064768" asserts="4" />
              <test-case id="1079" name="Manual_Discount_OrderSubTotal_Succeeds" fullname="EvenCart.Services.Tests.MySql.MySqlPriceAccountantTests.Manual_Discount_OrderSubTotal_Succeeds" methodname="Manual_Discount_OrderSubTotal_Succeeds" classname="EvenCart.Services.Tests.Purchases.PriceAccountantTests" runstate="Runnable" seed="1411300069" result="Passed" start-time="2021-06-17 18:11:25Z" end-time="2021-06-17 18:11:25Z" duration="0.150070" asserts="1" />
              <test-case id="1078" name="Manual_Discount_OrderTotal_Succeeds" fullname="EvenCart.Services.Tests.MySql.MySqlPriceAccountantTests.Manual_Discount_OrderTotal_Succeeds" methodname="Manual_Discount_OrderTotal_Succeeds" classname="EvenCart.Services.Tests.Purchases.PriceAccountantTests" runstate="Runnable" seed="33065228" result="Passed" start-time="2021-06-17 18:11:25Z" end-time="2021-06-17 18:11:25Z" duration="0.085333" asserts="1" />
              <test-case id="1080" name="Manual_Discount_Product_Succeeds" fullname="EvenCart.Services.Tests.MySql.MySqlPriceAccountantTests.Manual_Discount_Product_Succeeds" methodname="Manual_Discount_Product_Succeeds" classname="EvenCart.Services.Tests.Purchases.PriceAccountantTests" runstate="Runnable" seed="1243247643" result="Passed" start-time="2021-06-17 18:11:25Z" end-time="2021-06-17 18:11:25Z" duration="0.085340" asserts="3" />
              <test-case id="1082" name="Manual_Discount_Role_Succeeds" fullname="EvenCart.Services.Tests.MySql.MySqlPriceAccountantTests.Manual_Discount_Role_Succeeds" methodname="Manual_Discount_Role_Succeeds" classname="EvenCart.Services.Tests.Purchases.PriceAccountantTests" runstate="Runnable" seed="330346260" result="Passed" start-time="2021-06-17 18:11:25Z" end-time="2021-06-17 18:11:25Z" duration="0.136869" asserts="8" />
              <test-case id="1083" name="Manual_Discount_User_Succeeds" fullname="EvenCart.Services.Tests.MySql.MySqlPriceAccountantTests.Manual_Discount_User_Succeeds" methodname="Manual_Discount_User_Succeeds" classname="EvenCart.Services.Tests.Purchases.PriceAccountantTests" runstate="Runnable" seed="412945829" result="Passed" start-time="2021-06-17 18:11:25Z" end-time="2021-06-17 18:11:25Z" duration="0.127077" asserts="8" />
              <test-case id="1085" name="Manual_Discount_Vendor_Succeeds" fullname="EvenCart.Services.Tests.MySql.MySqlPriceAccountantTests.Manual_Discount_Vendor_Succeeds" methodname="Manual_Discount_Vendor_Succeeds" classname="EvenCart.Services.Tests.Purchases.PriceAccountantTests" runstate="Runnable" seed="206346242" result="Passed" start-time="2021-06-17 18:11:25Z" end-time="2021-06-17 18:11:26Z" duration="0.086859" asserts="4" />
            </test-suite>
            <test-suite type="TestFixture" id="1086" name="MySqlProductServiceTests" fullname="EvenCart.Services.Tests.MySql.MySqlProductServiceTests" classname="EvenCart.Services.Tests.MySql.MySqlProductServiceTests" runstate="Runnable" testcasecount="2" result="Passed" start-time="2021-06-17 18:11:26Z" end-time="2021-06-17 18:11:26Z" duration="0.201310" total="2" passed="2" failed="0" warnings="0" inconclusive="0" skipped="0" asserts="19">
              <test-case id="1087" name="Get_Product_By_Id_Succeeds" fullname="EvenCart.Services.Tests.MySql.MySqlProductServiceTests.Get_Product_By_Id_Succeeds" methodname="Get_Product_By_Id_Succeeds" classname="EvenCart.Services.Tests.Products.ProductServiceTests" runstate="Runnable" seed="2039405576" result="Passed" start-time="2021-06-17 18:11:26Z" end-time="2021-06-17 18:11:26Z" duration="0.134814" asserts="16" />
              <test-case id="1088" name="Role_Based_Products_Succeeds" fullname="EvenCart.Services.Tests.MySql.MySqlProductServiceTests.Role_Based_Products_Succeeds" methodname="Role_Based_Products_Succeeds" classname="EvenCart.Services.Tests.Products.ProductServiceTests" runstate="Runnable" seed="753176655" result="Passed" start-time="2021-06-17 18:11:26Z" end-time="2021-06-17 18:11:26Z" duration="0.066057" asserts="3" />
            </test-suite>
            <test-suite type="TestFixture" id="1089" name="MySqlRoleCapabilityTests" fullname="EvenCart.Services.Tests.MySql.MySqlRoleCapabilityTests" classname="EvenCart.Services.Tests.MySql.MySqlRoleCapabilityTests" runstate="Runnable" testcasecount="1" result="Passed" start-time="2021-06-17 18:11:26Z" end-time="2021-06-17 18:11:26Z" duration="0.059014" total="1" passed="1" failed="0" warnings="0" inconclusive="0" skipped="0" asserts="5">
              <test-case id="1090" name="Role_capability_tests_Succeeds" fullname="EvenCart.Services.Tests.MySql.MySqlRoleCapabilityTests.Role_capability_tests_Succeeds" methodname="Role_capability_tests_Succeeds" classname="EvenCart.Services.Tests.Users.RoleCapabilityTests" runstate="Runnable" seed="1797789360" result="Passed" start-time="2021-06-17 18:11:26Z" end-time="2021-06-17 18:11:26Z" duration="0.058744" asserts="5" />
            </test-suite>
            <test-suite type="TestFixture" id="1091" name="MySqlStoreServiceTests" fullname="EvenCart.Services.Tests.MySql.MySqlStoreServiceTests" classname="EvenCart.Services.Tests.MySql.MySqlStoreServiceTests" runstate="Runnable" testcasecount="1" result="Passed" start-time="2021-06-17 18:11:26Z" end-time="2021-06-17 18:11:26Z" duration="0.168627" total="1" passed="1" failed="0" warnings="0" inconclusive="0" skipped="0" asserts="4">
              <test-case id="1092" name="Store_Cloning_Succeeds" fullname="EvenCart.Services.Tests.MySql.MySqlStoreServiceTests.Store_Cloning_Succeeds" methodname="Store_Cloning_Succeeds" classname="EvenCart.Services.Tests.Stores.StoreServiceTests" runstate="Runnable" seed="1039448547" result="Passed" start-time="2021-06-17 18:11:26Z" end-time="2021-06-17 18:11:26Z" duration="0.168419" asserts="4" />
            </test-suite>
            <test-suite type="TestFixture" id="1093" name="MySqlTaxServiceTests" fullname="EvenCart.Services.Tests.MySql.MySqlTaxServiceTests" classname="EvenCart.Services.Tests.MySql.MySqlTaxServiceTests" runstate="Runnable" testcasecount="1" result="Passed" start-time="2021-06-17 18:11:26Z" end-time="2021-06-17 18:11:26Z" duration="0.088747" total="1" passed="1" failed="0" warnings="0" inconclusive="0" skipped="0" asserts="7">
              <test-case id="1094" name="Tax_Rate_Retrieval_Succeeds" fullname="EvenCart.Services.Tests.MySql.MySqlTaxServiceTests.Tax_Rate_Retrieval_Succeeds" methodname="Tax_Rate_Retrieval_Succeeds" classname="EvenCart.Services.Tests.Products.TaxServiceTests" runstate="Runnable" seed="262001354" result="Passed" start-time="2021-06-17 18:11:26Z" end-time="2021-06-17 18:11:26Z" duration="0.011816" asserts="7" />
            </test-suite>
            <test-suite type="TestFixture" id="1095" name="MySqlUserAuthenticationTests" fullname="EvenCart.Services.Tests.MySql.MySqlUserAuthenticationTests" classname="EvenCart.Services.Tests.MySql.MySqlUserAuthenticationTests" runstate="Runnable" testcasecount="2" result="Passed" start-time="2021-06-17 18:11:26Z" end-time="2021-06-17 18:11:26Z" duration="0.007850" total="2" passed="2" failed="0" warnings="0" inconclusive="0" skipped="0" asserts="2">
              <test-case id="1097" name="User_Login_Tests_Succeed" fullname="EvenCart.Services.Tests.MySql.MySqlUserAuthenticationTests.User_Login_Tests_Succeed" methodname="User_Login_Tests_Succeed" classname="EvenCart.Services.Tests.Users.UserAuthenticationTests" runstate="Runnable" seed="258243483" result="Passed" start-time="2021-06-17 18:11:26Z" end-time="2021-06-17 18:11:26Z" duration="0.002201" asserts="0" />
              <test-case id="1096" name="User_Registration_Tests_Succeed" fullname="EvenCart.Services.Tests.MySql.MySqlUserAuthenticationTests.User_Registration_Tests_Succeed" methodname="User_Registration_Tests_Succeed" classname="EvenCart.Services.Tests.Users.UserAuthenticationTests" runstate="Runnable" seed="320472819" result="Passed" start-time="2021-06-17 18:11:26Z" end-time="2021-06-17 18:11:26Z" duration="0.005355" asserts="2" />
            </test-suite>
            <test-suite type="TestFixture" id="1098" name="MySqlUserSubscriptionTests" fullname="EvenCart.Services.Tests.MySql.MySqlUserSubscriptionTests" classname="EvenCart.Services.Tests.MySql.MySqlUserSubscriptionTests" runstate="Runnable" testcasecount="1" result="Passed" start-time="2021-06-17 18:11:26Z" end-time="2021-06-17 18:11:26Z" duration="0.039979" total="1" passed="1" failed="0" warnings="0" inconclusive="0" skipped="0" asserts="12">
              <test-case id="1099" name="User_Subscription_Succeeds" fullname="EvenCart.Services.Tests.MySql.MySqlUserSubscriptionTests.User_Subscription_Succeeds" methodname="User_Subscription_Succeeds" classname="EvenCart.Services.Tests.Users.UserSubscriptionTests" runstate="Runnable" seed="407983752" result="Passed" start-time="2021-06-17 18:11:26Z" end-time="2021-06-17 18:11:26Z" duration="0.039733" asserts="12" />
            </test-suite>
          </test-suite>
          <test-suite type="SetUpFixture" id="1014" name="SqlServer" fullname="EvenCart.Services.Tests.SqlServer.SqlServerFixture" classname="EvenCart.Services.Tests.SqlServer.SqlServerFixture" runstate="Runnable" testcasecount="35" result="Failed" site="Child" start-time="2021-06-17 18:11:27Z" end-time="2021-06-17 18:11:31Z" duration="3.389393" total="35" passed="33" failed="2" warnings="0" inconclusive="0" skipped="0" asserts="158">
            <failure>
              <message><![CDATA[One or more child tests had errors]]></message>
            </failure>
            <test-suite type="TestFixture" id="1002" name="SqlServerCartServiceTests" fullname="EvenCart.Services.Tests.SqlServer.SqlServerCartServiceTests" classname="EvenCart.Services.Tests.SqlServer.SqlServerCartServiceTests" runstate="Runnable" testcasecount="2" result="Passed" start-time="2021-06-17 18:11:28Z" end-time="2021-06-17 18:11:29Z" duration="0.122810" total="2" passed="2" failed="0" warnings="0" inconclusive="0" skipped="0" asserts="5">
              <test-case id="1004" name="Cart_Item_Addition_And_Removal_Succeeds" fullname="EvenCart.Services.Tests.SqlServer.SqlServerCartServiceTests.Cart_Item_Addition_And_Removal_Succeeds" methodname="Cart_Item_Addition_And_Removal_Succeeds" classname="EvenCart.Services.Tests.Purchases.CartServiceTests" runstate="Runnable" seed="1361444240" result="Passed" start-time="2021-06-17 18:11:28Z" end-time="2021-06-17 18:11:29Z" duration="0.116226" asserts="3" />
              <test-case id="1003" name="New_Cart_Creation_Succeeds" fullname="EvenCart.Services.Tests.SqlServer.SqlServerCartServiceTests.New_Cart_Creation_Succeeds" methodname="New_Cart_Creation_Succeeds" classname="EvenCart.Services.Tests.Purchases.CartServiceTests" runstate="Runnable" seed="1355388186" result="Passed" start-time="2021-06-17 18:11:29Z" end-time="2021-06-17 18:11:29Z" duration="0.006108" asserts="2" />
            </test-suite>
            <test-suite type="TestFixture" id="1005" name="SqlServerCategoryServiceTests" fullname="EvenCart.Services.Tests.SqlServer.SqlServerCategoryServiceTests" classname="EvenCart.Services.Tests.SqlServer.SqlServerCategoryServiceTests" runstate="Runnable" testcasecount="1" result="Passed" start-time="2021-06-17 18:11:29Z" end-time="2021-06-17 18:11:29Z" duration="0.010741" total="1" passed="1" failed="0" warnings="0" inconclusive="0" skipped="0" asserts="4">
              <test-case id="1006" name="Category_Tests_Succeed" fullname="EvenCart.Services.Tests.SqlServer.SqlServerCategoryServiceTests.Category_Tests_Succeed" methodname="Category_Tests_Succeed" classname="EvenCart.Services.Tests.Products.CategoryServiceTests" runstate="Runnable" seed="1377869024" result="Passed" start-time="2021-06-17 18:11:29Z" end-time="2021-06-17 18:11:29Z" duration="0.010524" asserts="4" />
            </test-suite>
            <test-suite type="TestFixture" id="1007" name="SqlServerDataTransferTests" fullname="EvenCart.Services.Tests.SqlServer.SqlServerDataTransferTests" classname="EvenCart.Services.Tests.SqlServer.SqlServerDataTransferTests" runstate="Runnable" testcasecount="2" result="Passed" start-time="2021-06-17 18:11:29Z" end-time="2021-06-17 18:11:29Z" duration="0.329557" total="2" passed="2" failed="0" warnings="0" inconclusive="0" skipped="0" asserts="12">
              <test-case id="1008" name="ExcelProvider_Works" fullname="EvenCart.Services.Tests.SqlServer.SqlServerDataTransferTests.ExcelProvider_Works" methodname="ExcelProvider_Works" classname="EvenCart.Services.Tests.DataTransfer.DataTransferTests" runstate="Runnable" seed="1774433539" result="Passed" start-time="2021-06-17 18:11:29Z" end-time="2021-06-17 18:11:29Z" duration="0.209402" asserts="6" />
              <test-case id="1009" name="JsonProvider_Works" fullname="EvenCart.Services.Tests.SqlServer.SqlServerDataTransferTests.JsonProvider_Works" methodname="JsonProvider_Works" classname="EvenCart.Services.Tests.DataTransfer.DataTransferTests" runstate="Runnable" seed="1169865723" result="Passed" start-time="2021-06-17 18:11:29Z" end-time="2021-06-17 18:11:29Z" duration="0.119848" asserts="6" />
            </test-suite>
            <test-suite type="TestFixture" id="1010" name="SqlServerDiscountServiceTests" fullname="EvenCart.Services.Tests.SqlServer.SqlServerDiscountServiceTests" classname="EvenCart.Services.Tests.SqlServer.SqlServerDiscountServiceTests" runstate="Runnable" testcasecount="1" result="Passed" start-time="2021-06-17 18:11:29Z" end-time="2021-06-17 18:11:29Z" duration="0.029463" total="1" passed="1" failed="0" warnings="0" inconclusive="0" skipped="0" asserts="5">
              <test-case id="1011" name="Discount_Coupon_Persistance_Succeeds" fullname="EvenCart.Services.Tests.SqlServer.SqlServerDiscountServiceTests.Discount_Coupon_Persistance_Succeeds" methodname="Discount_Coupon_Persistance_Succeeds" classname="EvenCart.Services.Tests.Promotions.DiscountServiceTests" runstate="Runnable" seed="219578249" result="Passed" start-time="2021-06-17 18:11:29Z" end-time="2021-06-17 18:11:29Z" duration="0.029182" asserts="5" />
            </test-suite>
            <test-suite type="TestFixture" id="1012" name="SqlServerEntityTests" fullname="EvenCart.Services.Tests.SqlServer.SqlServerEntityTests" classname="EvenCart.Services.Tests.SqlServer.SqlServerEntityTests" runstate="Runnable" testcasecount="1" result="Passed" start-time="2021-06-17 18:11:29Z" end-time="2021-06-17 18:11:29Z" duration="0.084148" total="1" passed="1" failed="0" warnings="0" inconclusive="0" skipped="0" asserts="0">
              <test-case id="1013" name="All_Entities_Versioned_Succeeds" fullname="EvenCart.Services.Tests.SqlServer.SqlServerEntityTests.All_Entities_Versioned_Succeeds" methodname="All_Entities_Versioned_Succeeds" classname="EvenCart.Services.Tests.EntityTests" runstate="Runnable" seed="1938821542" result="Passed" start-time="2021-06-17 18:11:29Z" end-time="2021-06-17 18:11:29Z" duration="0.083819" asserts="0" />
            </test-suite>
            <test-suite type="TestFixture" id="1015" name="SqlServerGdprServiceTests" fullname="EvenCart.Services.Tests.SqlServer.SqlServerGdprServiceTests" classname="EvenCart.Services.Tests.SqlServer.SqlServerGdprServiceTests" runstate="Runnable" testcasecount="1" result="Passed" start-time="2021-06-17 18:11:29Z" end-time="2021-06-17 18:11:29Z" duration="0.043247" total="1" passed="1" failed="0" warnings="0" inconclusive="0" skipped="0" asserts="7">
              <test-case id="1016" name="User_Consents_Tests_Succeeds" fullname="EvenCart.Services.Tests.SqlServer.SqlServerGdprServiceTests.User_Consents_Tests_Succeeds" methodname="User_Consents_Tests_Succeeds" classname="EvenCart.Services.Tests.Gdpr.GdprServiceTests" runstate="Runnable" seed="197117518" result="Passed" start-time="2021-06-17 18:11:29Z" end-time="2021-06-17 18:11:29Z" duration="0.043002" asserts="7" />
            </test-suite>
            <test-suite type="TestFixture" id="1017" name="SqlServerOrderAccountantTests" fullname="EvenCart.Services.Tests.SqlServer.SqlServerOrderAccountantTests" classname="EvenCart.Services.Tests.SqlServer.SqlServerOrderAccountantTests" runstate="Runnable" testcasecount="1" result="Passed" start-time="2021-06-17 18:11:29Z" end-time="2021-06-17 18:11:29Z" duration="0.053365" total="1" passed="1" failed="0" warnings="0" inconclusive="0" skipped="0" asserts="16">
              <test-case id="1018" name="Auto_Order_Fulfillments_Tests_Succeeds" fullname="EvenCart.Services.Tests.SqlServer.SqlServerOrderAccountantTests.Auto_Order_Fulfillments_Tests_Succeeds" methodname="Auto_Order_Fulfillments_Tests_Succeeds" classname="EvenCart.Services.Tests.Purchases.OrderAccountantTests" runstate="Runnable" seed="846077864" result="Passed" start-time="2021-06-17 18:11:29Z" end-time="2021-06-17 18:11:29Z" duration="0.012734" asserts="16" />
            </test-suite>
            <test-suite type="TestFixture" id="1019" name="SqlServerPriceAccountantTests" fullname="EvenCart.Services.Tests.SqlServer.SqlServerPriceAccountantTests" classname="EvenCart.Services.Tests.SqlServer.SqlServerPriceAccountantTests" runstate="Runnable" testcasecount="18" result="Failed" site="Child" start-time="2021-06-17 18:11:29Z" end-time="2021-06-17 18:11:30Z" duration="1.088699" total="18" passed="16" failed="2" warnings="0" inconclusive="0" skipped="0" asserts="60">
              <failure>
                <message><![CDATA[One or more child tests had errors]]></message>
              </failure>
              <test-case id="1025" name="Auto_Discount_Category_Succeeds" fullname="EvenCart.Services.Tests.SqlServer.SqlServerPriceAccountantTests.Auto_Discount_Category_Succeeds" methodname="Auto_Discount_Category_Succeeds" classname="EvenCart.Services.Tests.Purchases.PriceAccountantTests" runstate="Runnable" seed="2054159508" result="Passed" start-time="2021-06-17 18:11:29Z" end-time="2021-06-17 18:11:29Z" duration="0.107641" asserts="5" />
              <test-case id="1028" name="Auto_Discount_Manufacturer_Succeeds" fullname="EvenCart.Services.Tests.SqlServer.SqlServerPriceAccountantTests.Auto_Discount_Manufacturer_Succeeds" methodname="Auto_Discount_Manufacturer_Succeeds" classname="EvenCart.Services.Tests.Purchases.PriceAccountantTests" runstate="Runnable" seed="387653563" result="Passed" start-time="2021-06-17 18:11:29Z" end-time="2021-06-17 18:11:29Z" duration="0.039272" asserts="3" />
              <test-case id="1023" name="Auto_Discount_OrderSubtotal_Succeeds" fullname="EvenCart.Services.Tests.SqlServer.SqlServerPriceAccountantTests.Auto_Discount_OrderSubtotal_Succeeds" methodname="Auto_Discount_OrderSubtotal_Succeeds" classname="EvenCart.Services.Tests.Purchases.PriceAccountantTests" runstate="Runnable" seed="1194147595" result="Passed" start-time="2021-06-17 18:11:29Z" end-time="2021-06-17 18:11:29Z" duration="0.028379" asserts="1" />
              <test-case id="1022" name="Auto_Discount_OrderTotal_Succeeds" fullname="EvenCart.Services.Tests.SqlServer.SqlServerPriceAccountantTests.Auto_Discount_OrderTotal_Succeeds" methodname="Auto_Discount_OrderTotal_Succeeds" classname="EvenCart.Services.Tests.Purchases.PriceAccountantTests" runstate="Runnable" seed="404450192" result="Passed" start-time="2021-06-17 18:11:29Z" end-time="2021-06-17 18:11:29Z" duration="0.021401" asserts="1" />
              <test-case id="1024" name="Auto_Discount_Product_Succeeds" fullname="EvenCart.Services.Tests.SqlServer.SqlServerPriceAccountantTests.Auto_Discount_Product_Succeeds" methodname="Auto_Discount_Product_Succeeds" classname="EvenCart.Services.Tests.Purchases.PriceAccountantTests" runstate="Runnable" seed="1973712751" result="Passed" start-time="2021-06-17 18:11:29Z" end-time="2021-06-17 18:11:29Z" duration="0.052387" asserts="7" />
              <test-case id="1026" name="Auto_Discount_Role_Succeeds" fullname="EvenCart.Services.Tests.SqlServer.SqlServerPriceAccountantTests.Auto_Discount_Role_Succeeds" methodname="Auto_Discount_Role_Succeeds" classname="EvenCart.Services.Tests.Purchases.PriceAccountantTests" runstate="Runnable" seed="158170855" result="Passed" start-time="2021-06-17 18:11:29Z" end-time="2021-06-17 18:11:29Z" duration="0.048079" asserts="4" />
              <test-case id="1027" name="Auto_Discount_User_Succeeds" fullname="EvenCart.Services.Tests.SqlServer.SqlServerPriceAccountantTests.Auto_Discount_User_Succeeds" methodname="Auto_Discount_User_Succeeds" classname="EvenCart.Services.Tests.Purchases.PriceAccountantTests" runstate="Runnable" seed="1601241196" result="Passed" start-time="2021-06-17 18:11:29Z" end-time="2021-06-17 18:11:30Z" duration="0.050543" asserts="4" />
              <test-case id="1029" name="Auto_Discount_Vendor_Succeeds" fullname="EvenCart.Services.Tests.SqlServer.SqlServerPriceAccountantTests.Auto_Discount_Vendor_Succeeds" methodname="Auto_Discount_Vendor_Succeeds" classname="EvenCart.Services.Tests.Purchases.PriceAccountantTests" runstate="Runnable" seed="180379747" result="Passed" start-time="2021-06-17 18:11:30Z" end-time="2021-06-17 18:11:30Z" duration="0.035931" asserts="3" />
              <test-case id="1021" name="Expired_Discount_Application_Fails" fullname="EvenCart.Services.Tests.SqlServer.SqlServerPriceAccountantTests.Expired_Discount_Application_Fails" methodname="Expired_Discount_Application_Fails" classname="EvenCart.Services.Tests.Purchases.PriceAccountantTests" runstate="Runnable" seed="12570903" result="Passed" start-time="2021-06-17 18:11:30Z" end-time="2021-06-17 18:11:30Z" duration="0.007963" asserts="1" />
              <test-case id="1020" name="Invalid_Discount_Application_Fails" fullname="EvenCart.Services.Tests.SqlServer.SqlServerPriceAccountantTests.Invalid_Discount_Application_Fails" methodname="Invalid_Discount_Application_Fails" classname="EvenCart.Services.Tests.Purchases.PriceAccountantTests" runstate="Runnable" seed="1630724998" result="Passed" start-time="2021-06-17 18:11:30Z" end-time="2021-06-17 18:11:30Z" duration="0.006442" asserts="1" />
              <test-case id="1033" name="Manual_Discount_Categories_Succeeds" fullname="EvenCart.Services.Tests.SqlServer.SqlServerPriceAccountantTests.Manual_Discount_Categories_Succeeds" methodname="Manual_Discount_Categories_Succeeds" classname="EvenCart.Services.Tests.Purchases.PriceAccountantTests" runstate="Runnable" seed="228023198" result="Failed" start-time="2021-06-17 18:11:30Z" end-time="2021-06-17 18:11:30Z" duration="0.058113" asserts="2">
                <failure>
                  <message><![CDATA[  Expected: 4
  But was:  3.9603960396039603960396039604m
]]></message>
                  <stack-trace><![CDATA[   at EvenCart.Services.Tests.Purchases.PriceAccountantTests.Manual_Discount_Categories_Succeeds() in F:\SourceRepositories\RoastedMarketplace\src\Tests\EvenCart.Services.Tests\Tests\Purchases\PriceAccountantTests.cs:line 694
]]></stack-trace>
                </failure>
                <assertions>
                  <assertion result="Failed">
                    <message><![CDATA[  Expected: 4
  But was:  3.9603960396039603960396039604m
]]></message>
                    <stack-trace><![CDATA[   at EvenCart.Services.Tests.Purchases.PriceAccountantTests.Manual_Discount_Categories_Succeeds() in F:\SourceRepositories\RoastedMarketplace\src\Tests\EvenCart.Services.Tests\Tests\Purchases\PriceAccountantTests.cs:line 694
]]></stack-trace>
                  </assertion>
                </assertions>
              </test-case>
              <test-case id="1036" name="Manual_Discount_Manufacturer_Succeeds" fullname="EvenCart.Services.Tests.SqlServer.SqlServerPriceAccountantTests.Manual_Discount_Manufacturer_Succeeds" methodname="Manual_Discount_Manufacturer_Succeeds" classname="EvenCart.Services.Tests.Purchases.PriceAccountantTests" runstate="Runnable" seed="2095258012" result="Failed" start-time="2021-06-17 18:11:30Z" end-time="2021-06-17 18:11:30Z" duration="0.046416" asserts="3">
                <failure>
                  <message><![CDATA[  Expected: 8
  But was:  7.920792079207920792079207921m
]]></message>
                  <stack-trace><![CDATA[   at EvenCart.Services.Tests.Purchases.PriceAccountantTests.Manual_Discount_Manufacturer_Succeeds() in F:\SourceRepositories\RoastedMarketplace\src\Tests\EvenCart.Services.Tests\Tests\Purchases\PriceAccountantTests.cs:line 913
]]></stack-trace>
                </failure>
                <assertions>
                  <assertion result="Failed">
                    <message><![CDATA[  Expected: 8
  But was:  7.920792079207920792079207921m
]]></message>
                    <stack-trace><![CDATA[   at EvenCart.Services.Tests.Purchases.PriceAccountantTests.Manual_Discount_Manufacturer_Succeeds() in F:\SourceRepositories\RoastedMarketplace\src\Tests\EvenCart.Services.Tests\Tests\Purchases\PriceAccountantTests.cs:line 913
]]></stack-trace>
                  </assertion>
                </assertions>
              </test-case>
              <test-case id="1031" name="Manual_Discount_OrderSubTotal_Succeeds" fullname="EvenCart.Services.Tests.SqlServer.SqlServerPriceAccountantTests.Manual_Discount_OrderSubTotal_Succeeds" methodname="Manual_Discount_OrderSubTotal_Succeeds" classname="EvenCart.Services.Tests.Purchases.PriceAccountantTests" runstate="Runnable" seed="1065921657" result="Passed" start-time="2021-06-17 18:11:30Z" end-time="2021-06-17 18:11:30Z" duration="0.065322" asserts="1" />
              <test-case id="1030" name="Manual_Discount_OrderTotal_Succeeds" fullname="EvenCart.Services.Tests.SqlServer.SqlServerPriceAccountantTests.Manual_Discount_OrderTotal_Succeeds" methodname="Manual_Discount_OrderTotal_Succeeds" classname="EvenCart.Services.Tests.Purchases.PriceAccountantTests" runstate="Runnable" seed="1545664849" result="Passed" start-time="2021-06-17 18:11:30Z" end-time="2021-06-17 18:11:30Z" duration="0.055874" asserts="1" />
              <test-case id="1032" name="Manual_Discount_Product_Succeeds" fullname="EvenCart.Services.Tests.SqlServer.SqlServerPriceAccountantTests.Manual_Discount_Product_Succeeds" methodname="Manual_Discount_Product_Succeeds" classname="EvenCart.Services.Tests.Purchases.PriceAccountantTests" runstate="Runnable" seed="954780890" result="Passed" start-time="2021-06-17 18:11:30Z" end-time="2021-06-17 18:11:30Z" duration="0.196049" asserts="3" />
              <test-case id="1034" name="Manual_Discount_Role_Succeeds" fullname="EvenCart.Services.Tests.SqlServer.SqlServerPriceAccountantTests.Manual_Discount_Role_Succeeds" methodname="Manual_Discount_Role_Succeeds" classname="EvenCart.Services.Tests.Purchases.PriceAccountantTests" runstate="Runnable" seed="667361780" result="Passed" start-time="2021-06-17 18:11:30Z" end-time="2021-06-17 18:11:30Z" duration="0.091076" asserts="8" />
              <test-case id="1035" name="Manual_Discount_User_Succeeds" fullname="EvenCart.Services.Tests.SqlServer.SqlServerPriceAccountantTests.Manual_Discount_User_Succeeds" methodname="Manual_Discount_User_Succeeds" classname="EvenCart.Services.Tests.Purchases.PriceAccountantTests" runstate="Runnable" seed="2024527451" result="Passed" start-time="2021-06-17 18:11:30Z" end-time="2021-06-17 18:11:30Z" duration="0.082666" asserts="8" />
              <test-case id="1037" name="Manual_Discount_Vendor_Succeeds" fullname="EvenCart.Services.Tests.SqlServer.SqlServerPriceAccountantTests.Manual_Discount_Vendor_Succeeds" methodname="Manual_Discount_Vendor_Succeeds" classname="EvenCart.Services.Tests.Purchases.PriceAccountantTests" runstate="Runnable" seed="1349151960" result="Passed" start-time="2021-06-17 18:11:30Z" end-time="2021-06-17 18:11:30Z" duration="0.057986" asserts="4" />
            </test-suite>
            <test-suite type="TestFixture" id="1038" name="SqlServerProductServiceTests" fullname="EvenCart.Services.Tests.SqlServer.SqlServerProductServiceTests" classname="EvenCart.Services.Tests.SqlServer.SqlServerProductServiceTests" runstate="Runnable" testcasecount="2" result="Passed" start-time="2021-06-17 18:11:30Z" end-time="2021-06-17 18:11:30Z" duration="0.181986" total="2" passed="2" failed="0" warnings="0" inconclusive="0" skipped="0" asserts="19">
              <test-case id="1039" name="Get_Product_By_Id_Succeeds" fullname="EvenCart.Services.Tests.SqlServer.SqlServerProductServiceTests.Get_Product_By_Id_Succeeds" methodname="Get_Product_By_Id_Succeeds" classname="EvenCart.Services.Tests.Products.ProductServiceTests" runstate="Runnable" seed="1589079348" result="Passed" start-time="2021-06-17 18:11:30Z" end-time="2021-06-17 18:11:30Z" duration="0.103392" asserts="16" />
              <test-case id="1040" name="Role_Based_Products_Succeeds" fullname="EvenCart.Services.Tests.SqlServer.SqlServerProductServiceTests.Role_Based_Products_Succeeds" methodname="Role_Based_Products_Succeeds" classname="EvenCart.Services.Tests.Products.ProductServiceTests" runstate="Runnable" seed="1184512886" result="Passed" start-time="2021-06-17 18:11:30Z" end-time="2021-06-17 18:11:30Z" duration="0.078301" asserts="3" />
            </test-suite>
            <test-suite type="TestFixture" id="1041" name="SqlServerRoleCapabilityTests" fullname="EvenCart.Services.Tests.SqlServer.SqlServerRoleCapabilityTests" classname="EvenCart.Services.Tests.SqlServer.SqlServerRoleCapabilityTests" runstate="Runnable" testcasecount="1" result="Passed" start-time="2021-06-17 18:11:30Z" end-time="2021-06-17 18:11:30Z" duration="0.031923" total="1" passed="1" failed="0" warnings="0" inconclusive="0" skipped="0" asserts="5">
              <test-case id="1042" name="Role_capability_tests_Succeeds" fullname="EvenCart.Services.Tests.SqlServer.SqlServerRoleCapabilityTests.Role_capability_tests_Succeeds" methodname="Role_capability_tests_Succeeds" classname="EvenCart.Services.Tests.Users.RoleCapabilityTests" runstate="Runnable" seed="1253508828" result="Passed" start-time="2021-06-17 18:11:30Z" end-time="2021-06-17 18:11:30Z" duration="0.031741" asserts="5" />
            </test-suite>
            <test-suite type="TestFixture" id="1043" name="SqlServerStoreServiceTests" fullname="EvenCart.Services.Tests.SqlServer.SqlServerStoreServiceTests" classname="EvenCart.Services.Tests.SqlServer.SqlServerStoreServiceTests" runstate="Runnable" testcasecount="1" result="Passed" start-time="2021-06-17 18:11:30Z" end-time="2021-06-17 18:11:31Z" duration="0.105366" total="1" passed="1" failed="0" warnings="0" inconclusive="0" skipped="0" asserts="4">
              <test-case id="1044" name="Store_Cloning_Succeeds" fullname="EvenCart.Services.Tests.SqlServer.SqlServerStoreServiceTests.Store_Cloning_Succeeds" methodname="Store_Cloning_Succeeds" classname="EvenCart.Services.Tests.Stores.StoreServiceTests" runstate="Runnable" seed="350562211" result="Passed" start-time="2021-06-17 18:11:30Z" end-time="2021-06-17 18:11:31Z" duration="0.105163" asserts="4" />
            </test-suite>
            <test-suite type="TestFixture" id="1045" name="SqlServerTaxServiceTests" fullname="EvenCart.Services.Tests.SqlServer.SqlServerTaxServiceTests" classname="EvenCart.Services.Tests.SqlServer.SqlServerTaxServiceTests" runstate="Runnable" testcasecount="1" result="Passed" start-time="2021-06-17 18:11:31Z" end-time="2021-06-17 18:11:31Z" duration="0.061340" total="1" passed="1" failed="0" warnings="0" inconclusive="0" skipped="0" asserts="7">
              <test-case id="1046" name="Tax_Rate_Retrieval_Succeeds" fullname="EvenCart.Services.Tests.SqlServer.SqlServerTaxServiceTests.Tax_Rate_Retrieval_Succeeds" methodname="Tax_Rate_Retrieval_Succeeds" classname="EvenCart.Services.Tests.Products.TaxServiceTests" runstate="Runnable" seed="511490517" result="Passed" start-time="2021-06-17 18:11:31Z" end-time="2021-06-17 18:11:31Z" duration="0.010884" asserts="7" />
            </test-suite>
            <test-suite type="TestFixture" id="1047" name="SqlServerUserAuthenticationTests" fullname="EvenCart.Services.Tests.SqlServer.SqlServerUserAuthenticationTests" classname="EvenCart.Services.Tests.SqlServer.SqlServerUserAuthenticationTests" runstate="Runnable" testcasecount="2" result="Passed" start-time="2021-06-17 18:11:31Z" end-time="2021-06-17 18:11:31Z" duration="0.007396" total="2" passed="2" failed="0" warnings="0" inconclusive="0" skipped="0" asserts="2">
              <test-case id="1049" name="User_Login_Tests_Succeed" fullname="EvenCart.Services.Tests.SqlServer.SqlServerUserAuthenticationTests.User_Login_Tests_Succeed" methodname="User_Login_Tests_Succeed" classname="EvenCart.Services.Tests.Users.UserAuthenticationTests" runstate="Runnable" seed="344272635" result="Passed" start-time="2021-06-17 18:11:31Z" end-time="2021-06-17 18:11:31Z" duration="0.000079" asserts="0" />
              <test-case id="1048" name="User_Registration_Tests_Succeed" fullname="EvenCart.Services.Tests.SqlServer.SqlServerUserAuthenticationTests.User_Registration_Tests_Succeed" methodname="User_Registration_Tests_Succeed" classname="EvenCart.Services.Tests.Users.UserAuthenticationTests" runstate="Runnable" seed="2126040283" result="Passed" start-time="2021-06-17 18:11:31Z" end-time="2021-06-17 18:11:31Z" duration="0.007102" asserts="2" />
            </test-suite>
            <test-suite type="TestFixture" id="1050" name="SqlServerUserSubscriptionTests" fullname="EvenCart.Services.Tests.SqlServer.SqlServerUserSubscriptionTests" classname="EvenCart.Services.Tests.SqlServer.SqlServerUserSubscriptionTests" runstate="Runnable" testcasecount="1" result="Passed" start-time="2021-06-17 18:11:31Z" end-time="2021-06-17 18:11:31Z" duration="0.046363" total="1" passed="1" failed="0" warnings="0" inconclusive="0" skipped="0" asserts="12">
              <test-case id="1051" name="User_Subscription_Succeeds" fullname="EvenCart.Services.Tests.SqlServer.SqlServerUserSubscriptionTests.User_Subscription_Succeeds" methodname="User_Subscription_Succeeds" classname="EvenCart.Services.Tests.Users.UserSubscriptionTests" runstate="Runnable" seed="1653532352" result="Passed" start-time="2021-06-17 18:11:31Z" end-time="2021-06-17 18:11:31Z" duration="0.046177" asserts="12" />
            </test-suite>
          </test-suite>
        </test-suite>
      </test-suite>
    </test-suite>
  </test-suite>
</test-run>